<?xml version="1.0" encoding="UTF-8"?>
<testsuite xmlns:xsi="http://www.w3.org/2001/XMLSchema-instance" xsi:noNamespaceSchemaLocation="https://maven.apache.org/surefire/maven-surefire-plugin/xsd/surefire-test-report.xsd" version="3.0.2" name="com.codewithswaroopa.fullstack_backend.FullstackBackendApplicationTests" time="8.043" tests="1" errors="0" skipped="0" failures="0">
  <properties>
[...]
</properties>
  <testcase name="contextLoads" classname="com.codewithswaroopa.fullstack_backend.FullstackBackendApplicationTests" time="0.621">
    <system-out><![CDATA[09:54:44.206 [main] INFO org.springframework.test.context.support.AnnotationConfigContextLoaderUtils -- Could not detect default configuration classes for test class [com.codewithswaroopa.fullstack_backend.FullstackBackendApplicationTests]: FullstackBackendApplicationTests does not declare any static, non-private, non-final, nested classes annotated with @Configuration.
09:54:44.389 [main] INFO org.springframework.boot.test.context.SpringBootTestContextBootstrapper -- Found @SpringBootConfiguration com.codewithswaroopa.fullstack_backend.FullstackBackendApplication for test class com.codewithswaroopa.fullstack_backend.FullstackBackendApplicationTests

  .   ____          _            __ _ _
 /\\ / ___'_ __ _ _(_)_ __  __ _ \ \ \ \
( ( )\___ | '_ | '_| | '_ \/ _` | \ \ \ \
 \\/  ___)| |_)| | | | | || (_| |  ) ) ) )
  '  |____| .__|_| |_|_| |_\__, | / / / /
 =========|_|==============|___/=/_/_/_/

 :: Spring Boot ::                (v3.4.5)

2025-10-26T09:54:45.239+05:30  INFO 31392 --- [           main] c.c.f.FullstackBackendApplicationTests   : Starting FullstackBackendApplicationTests using Java 17.0.16 with PID 31392 (started by swaroopa ruttala in C:\Users\swaroopa ruttala\OneDrive\Desktop\fullstack-backend)
2025-10-26T09:54:45.241+05:30  INFO 31392 --- [           main] c.c.f.FullstackBackendApplicationTests   : No active profile set, falling back to 1 default profile: "default"
2025-10-26T09:54:46.549+05:30  INFO 31392 --- [           main] .s.d.r.c.RepositoryConfigurationDelegate : Bootstrapping Spring Data JPA repositories in DEFAULT mode.
2025-10-26T09:54:46.686+05:30  INFO 31392 --- [           main] .s.d.r.c.RepositoryConfigurationDelegate : Finished Spring Data repository scanning in 121 ms. Found 1 JPA repository interface.
2025-10-26T09:54:47.294+05:30  INFO 31392 --- [           main] o.hibernate.jpa.internal.util.LogHelper  : HHH000204: Processing PersistenceUnitInfo [name: default]
2025-10-26T09:54:47.384+05:30  INFO 31392 --- [           main] org.hibernate.Version                    : HHH000412: Hibernate ORM core version 6.6.13.Final
2025-10-26T09:54:47.468+05:30  INFO 31392 --- [           main] o.h.c.internal.RegionFactoryInitiator    : HHH000026: Second-level cache disabled
2025-10-26T09:54:47.857+05:30  INFO 31392 --- [           main] o.s.o.j.p.SpringPersistenceUnitInfo      : No LoadTimeWeaver setup: ignoring JPA class transformer
2025-10-26T09:54:47.905+05:30  INFO 31392 --- [           main] com.zaxxer.hikari.HikariDataSource       : HikariPool-1 - Starting...
2025-10-26T09:54:48.387+05:30  INFO 31392 --- [           main] com.zaxxer.hikari.pool.HikariPool        : HikariPool-1 - Added connection com.mysql.cj.jdbc.ConnectionImpl@4d4b019e
2025-10-26T09:54:48.390+05:30  INFO 31392 --- [           main] com.zaxxer.hikari.HikariDataSource       : HikariPool-1 - Start completed.
2025-10-26T09:54:48.534+05:30  INFO 31392 --- [           main] org.hibernate.orm.connections.pooling    : HHH10001005: Database info:
	Database JDBC URL [Connecting through datasource 'HikariDataSource (HikariPool-1)']
	Database driver: undefined/unknown
	Database version: 8.0.36
	Autocommit mode: undefined/unknown
	Isolation level: undefined/unknown
	Minimum pool size: undefined/unknown
	Maximum pool size: undefined/unknown
2025-10-26T09:54:49.903+05:30  INFO 31392 --- [           main] o.h.e.t.j.p.i.JtaPlatformInitiator       : HHH000489: No JTA platform available (set 'hibernate.transaction.jta.platform' to enable JTA platform integration)
2025-10-26T09:54:49.961+05:30  INFO 31392 --- [           main] j.LocalContainerEntityManagerFactoryBean : Initialized JPA EntityManagerFactory for persistence unit 'default'
2025-10-26T09:54:50.654+05:30  WARN 31392 --- [           main] JpaBaseConfiguration$JpaWebConfiguration : spring.jpa.open-in-view is enabled by default. Therefore, database queries may be performed during view rendering. Explicitly configure spring.jpa.open-in-view to disable this warning
2025-10-26T09:54:51.369+05:30  INFO 31392 --- [           main] c.c.f.FullstackBackendApplicationTests   : Started FullstackBackendApplicationTests in 6.732 seconds (process running for 8.151)
]]></system-out>
  </testcase>
</testsuite>